<?xml version="1.0" encoding="UTF-8"?>
<!-- Generated by org.testng.reporters.JUnitReportReporter -->
<testsuite skipped="0" hostname="om-PC" name="maventestng.TestngClass" tests="1" failures="0" timestamp="07 Sep 2018 08:59:55 GMT" time="24.891" errors="0">
  <testcase name="keysDownAndKeysup" time="24.891" classname="maventestng.TestngClass"/>
</testsuite> <!-- maventestng.TestngClass -->
